[debug] [2025-09-20T16:06:46.179Z] ----------------------------------------------------------------------
[debug] [2025-09-20T16:06:46.181Z] Command:       C:\Program Files\nodejs\node.exe C:\Users\sopha\AppData\Roaming\npm\node_modules\firebase-tools\lib\bin\firebase.js init
[debug] [2025-09-20T16:06:46.181Z] CLI Version:   14.17.0
[debug] [2025-09-20T16:06:46.181Z] Platform:      win32
[debug] [2025-09-20T16:06:46.181Z] Node Version:  v24.7.0
[debug] [2025-09-20T16:06:46.181Z] Time:          Sat Sep 20 2025 21:36:46 GMT+0530 (India Standard Time)
[debug] [2025-09-20T16:06:46.181Z] ----------------------------------------------------------------------
[debug] 
[debug] [2025-09-20T16:06:46.182Z] >>> [apiv2][query] GET https://firebase-public.firebaseio.com/cli.json [none]
[debug] [2025-09-20T16:06:46.199Z] > command requires scopes: ["email","openid","https://www.googleapis.com/auth/cloudplatformprojects.readonly","https://www.googleapis.com/auth/firebase","https://www.googleapis.com/auth/cloud-platform"]
[debug] [2025-09-20T16:06:46.199Z] > authorizing via signed-in user (work.thriftstore@gmail.com)
[info] 
     ######## #### ########  ######## ########     ###     ######  ########
     ##        ##  ##     ## ##       ##     ##  ##   ##  ##       ##
     ######    ##  ########  ######   ########  #########  ######  ######
     ##        ##  ##    ##  ##       ##     ## ##     ##       ## ##
     ##       #### ##     ## ######## ########  ##     ##  ######  ########

You're about to initialize a Firebase project in this directory:

  C:\Users\sopha\OneDrive\Desktop\thrift proto - Copy

[debug] [2025-09-20T16:06:46.850Z] <<< [apiv2][status] GET https://firebase-public.firebaseio.com/cli.json 200
[debug] [2025-09-20T16:06:46.850Z] <<< [apiv2][body] GET https://firebase-public.firebaseio.com/cli.json {"cloudBuildErrorAfter":1594252800000,"cloudBuildWarnAfter":1590019200000,"defaultNode10After":1594252800000,"minVersion":"3.0.5","node8DeploysDisabledAfter":1613390400000,"node8RuntimeDisabledAfter":1615809600000,"node8WarnAfter":1600128000000}
[info] 
=== Project Setup
[info] 
[info] First, let's associate this project directory with a Firebase project.
[info] You can create multiple project aliases by running firebase use --add, 
[info] but for now we'll just set up a default project.
[info] 
[debug] [2025-09-20T16:08:01.006Z] Checked if tokens are valid: false, expires at: 1758228302851
[debug] [2025-09-20T16:08:01.006Z] Checked if tokens are valid: false, expires at: 1758228302851
[debug] [2025-09-20T16:08:01.007Z] > refreshing access token with scopes: []
[debug] [2025-09-20T16:08:01.007Z] >>> [apiv2][query] POST https://www.googleapis.com/oauth2/v3/token [none]
[debug] [2025-09-20T16:08:01.007Z] >>> [apiv2][body] POST https://www.googleapis.com/oauth2/v3/token [omitted]
[debug] [2025-09-20T16:08:01.215Z] <<< [apiv2][status] POST https://www.googleapis.com/oauth2/v3/token 200
[debug] [2025-09-20T16:08:01.215Z] <<< [apiv2][body] POST https://www.googleapis.com/oauth2/v3/token [omitted]
[debug] [2025-09-20T16:08:01.218Z] >>> [apiv2][query] GET https://firebase.googleapis.com/v1beta1/projects pageSize=100
[debug] [2025-09-20T16:08:01.935Z] <<< [apiv2][status] GET https://firebase.googleapis.com/v1beta1/projects 200
[debug] [2025-09-20T16:08:01.935Z] <<< [apiv2][body] GET https://firebase.googleapis.com/v1beta1/projects [omitted]
[info] i  Using project thrift-6bd6d (Thrift) 
[info] 
=== App Hosting Setup
[debug] [2025-09-20T16:08:05.584Z] Checked if tokens are valid: true, expires at: 1758388080215
[debug] [2025-09-20T16:08:05.584Z] Checked if tokens are valid: true, expires at: 1758388080215
[debug] [2025-09-20T16:08:05.585Z] >>> [apiv2][query] GET https://cloudbilling.googleapis.com/v1/projects/thrift-6bd6d/billingInfo [none]
[debug] [2025-09-20T16:08:06.089Z] <<< [apiv2][status] GET https://cloudbilling.googleapis.com/v1/projects/thrift-6bd6d/billingInfo 200
[debug] [2025-09-20T16:08:06.089Z] <<< [apiv2][body] GET https://cloudbilling.googleapis.com/v1/projects/thrift-6bd6d/billingInfo {"name":"projects/thrift-6bd6d/billingInfo","projectId":"thrift-6bd6d","billingAccountName":"billingAccounts/016A4E-DE2D7D-25EB16","billingEnabled":true}
[debug] [2025-09-20T16:08:06.089Z] Checked if tokens are valid: true, expires at: 1758388080215
[debug] [2025-09-20T16:08:06.089Z] Checked if tokens are valid: true, expires at: 1758388080215
[debug] [2025-09-20T16:08:06.089Z] >>> [apiv2][query] GET https://serviceusage.googleapis.com/v1/projects/thrift-6bd6d/services/firebaseapphosting.googleapis.com [none]
[debug] [2025-09-20T16:08:06.089Z] >>> [apiv2][(partial)header] GET https://serviceusage.googleapis.com/v1/projects/thrift-6bd6d/services/firebaseapphosting.googleapis.com x-goog-quota-user=projects/thrift-6bd6d
[debug] [2025-09-20T16:08:08.097Z] <<< [apiv2][status] GET https://serviceusage.googleapis.com/v1/projects/thrift-6bd6d/services/firebaseapphosting.googleapis.com 200
[debug] [2025-09-20T16:08:08.097Z] <<< [apiv2][body] GET https://serviceusage.googleapis.com/v1/projects/thrift-6bd6d/services/firebaseapphosting.googleapis.com [omitted]
[debug] [2025-09-20T16:08:08.097Z] Checked if tokens are valid: true, expires at: 1758388080215
[debug] [2025-09-20T16:08:08.097Z] Checked if tokens are valid: true, expires at: 1758388080215
[debug] [2025-09-20T16:08:08.097Z] >>> [apiv2][query] POST https://serviceusage.googleapis.com/v1/projects/thrift-6bd6d/services/firebaseapphosting.googleapis.com:enable [none]
[debug] [2025-09-20T16:08:08.097Z] >>> [apiv2][(partial)header] POST https://serviceusage.googleapis.com/v1/projects/thrift-6bd6d/services/firebaseapphosting.googleapis.com:enable x-goog-quota-user=projects/thrift-6bd6d
[debug] [2025-09-20T16:08:08.979Z] <<< [apiv2][status] POST https://serviceusage.googleapis.com/v1/projects/thrift-6bd6d/services/firebaseapphosting.googleapis.com:enable 200
[debug] [2025-09-20T16:08:08.980Z] <<< [apiv2][body] POST https://serviceusage.googleapis.com/v1/projects/thrift-6bd6d/services/firebaseapphosting.googleapis.com:enable [omitted]
[debug] [2025-09-20T16:08:18.988Z] Checked if tokens are valid: true, expires at: 1758388080215
[debug] [2025-09-20T16:08:18.988Z] Checked if tokens are valid: true, expires at: 1758388080215
[debug] [2025-09-20T16:08:18.988Z] Checked if tokens are valid: true, expires at: 1758388080215
[debug] [2025-09-20T16:08:18.988Z] Checked if tokens are valid: true, expires at: 1758388080215
[debug] [2025-09-20T16:08:18.989Z] Checked if tokens are valid: true, expires at: 1758388080215
[debug] [2025-09-20T16:08:18.989Z] Checked if tokens are valid: true, expires at: 1758388080215
[debug] [2025-09-20T16:08:18.989Z] Checked if tokens are valid: true, expires at: 1758388080215
[debug] [2025-09-20T16:08:18.989Z] Checked if tokens are valid: true, expires at: 1758388080215
[debug] [2025-09-20T16:08:18.989Z] Checked if tokens are valid: true, expires at: 1758388080215
[debug] [2025-09-20T16:08:18.989Z] Checked if tokens are valid: true, expires at: 1758388080215
[debug] [2025-09-20T16:08:18.989Z] Checked if tokens are valid: true, expires at: 1758388080215
[debug] [2025-09-20T16:08:18.989Z] Checked if tokens are valid: true, expires at: 1758388080215
[debug] [2025-09-20T16:08:18.989Z] >>> [apiv2][query] GET https://serviceusage.googleapis.com/v1/projects/thrift-6bd6d/services/developerconnect.googleapis.com [none]
[debug] [2025-09-20T16:08:18.989Z] >>> [apiv2][(partial)header] GET https://serviceusage.googleapis.com/v1/projects/thrift-6bd6d/services/developerconnect.googleapis.com x-goog-quota-user=projects/thrift-6bd6d
[debug] [2025-09-20T16:08:18.990Z] >>> [apiv2][query] GET https://serviceusage.googleapis.com/v1/projects/thrift-6bd6d/services/cloudbuild.googleapis.com [none]
[debug] [2025-09-20T16:08:18.990Z] >>> [apiv2][(partial)header] GET https://serviceusage.googleapis.com/v1/projects/thrift-6bd6d/services/cloudbuild.googleapis.com x-goog-quota-user=projects/thrift-6bd6d
[debug] [2025-09-20T16:08:18.991Z] >>> [apiv2][query] GET https://serviceusage.googleapis.com/v1/projects/thrift-6bd6d/services/secretmanager.googleapis.com [none]
[debug] [2025-09-20T16:08:18.991Z] >>> [apiv2][(partial)header] GET https://serviceusage.googleapis.com/v1/projects/thrift-6bd6d/services/secretmanager.googleapis.com x-goog-quota-user=projects/thrift-6bd6d
[debug] [2025-09-20T16:08:18.992Z] >>> [apiv2][query] GET https://serviceusage.googleapis.com/v1/projects/thrift-6bd6d/services/run.googleapis.com [none]
[debug] [2025-09-20T16:08:18.992Z] >>> [apiv2][(partial)header] GET https://serviceusage.googleapis.com/v1/projects/thrift-6bd6d/services/run.googleapis.com x-goog-quota-user=projects/thrift-6bd6d
[debug] [2025-09-20T16:08:18.993Z] >>> [apiv2][query] GET https://serviceusage.googleapis.com/v1/projects/thrift-6bd6d/services/artifactregistry.googleapis.com [none]
[debug] [2025-09-20T16:08:18.993Z] >>> [apiv2][(partial)header] GET https://serviceusage.googleapis.com/v1/projects/thrift-6bd6d/services/artifactregistry.googleapis.com x-goog-quota-user=projects/thrift-6bd6d
[debug] [2025-09-20T16:08:18.993Z] >>> [apiv2][query] GET https://serviceusage.googleapis.com/v1/projects/thrift-6bd6d/services/iam.googleapis.com [none]
[debug] [2025-09-20T16:08:18.993Z] >>> [apiv2][(partial)header] GET https://serviceusage.googleapis.com/v1/projects/thrift-6bd6d/services/iam.googleapis.com x-goog-quota-user=projects/thrift-6bd6d
[debug] [2025-09-20T16:08:20.873Z] <<< [apiv2][status] GET https://serviceusage.googleapis.com/v1/projects/thrift-6bd6d/services/cloudbuild.googleapis.com 200
[debug] [2025-09-20T16:08:20.873Z] <<< [apiv2][body] GET https://serviceusage.googleapis.com/v1/projects/thrift-6bd6d/services/cloudbuild.googleapis.com [omitted]
[debug] [2025-09-20T16:08:20.876Z] <<< [apiv2][status] GET https://serviceusage.googleapis.com/v1/projects/thrift-6bd6d/services/developerconnect.googleapis.com 200
[debug] [2025-09-20T16:08:20.876Z] <<< [apiv2][body] GET https://serviceusage.googleapis.com/v1/projects/thrift-6bd6d/services/developerconnect.googleapis.com [omitted]
[debug] [2025-09-20T16:08:20.876Z] Checked if tokens are valid: true, expires at: 1758388080215
[debug] [2025-09-20T16:08:20.876Z] Checked if tokens are valid: true, expires at: 1758388080215
[debug] [2025-09-20T16:08:20.876Z] >>> [apiv2][query] POST https://serviceusage.googleapis.com/v1/projects/thrift-6bd6d/services/developerconnect.googleapis.com:enable [none]
[debug] [2025-09-20T16:08:20.876Z] >>> [apiv2][(partial)header] POST https://serviceusage.googleapis.com/v1/projects/thrift-6bd6d/services/developerconnect.googleapis.com:enable x-goog-quota-user=projects/thrift-6bd6d
[debug] [2025-09-20T16:08:20.878Z] <<< [apiv2][status] GET https://serviceusage.googleapis.com/v1/projects/thrift-6bd6d/services/secretmanager.googleapis.com 200
[debug] [2025-09-20T16:08:20.878Z] <<< [apiv2][body] GET https://serviceusage.googleapis.com/v1/projects/thrift-6bd6d/services/secretmanager.googleapis.com [omitted]
[debug] [2025-09-20T16:08:20.880Z] <<< [apiv2][status] GET https://serviceusage.googleapis.com/v1/projects/thrift-6bd6d/services/run.googleapis.com 200
[debug] [2025-09-20T16:08:20.880Z] <<< [apiv2][body] GET https://serviceusage.googleapis.com/v1/projects/thrift-6bd6d/services/run.googleapis.com [omitted]
[debug] [2025-09-20T16:08:20.887Z] <<< [apiv2][status] GET https://serviceusage.googleapis.com/v1/projects/thrift-6bd6d/services/iam.googleapis.com 200
[debug] [2025-09-20T16:08:20.887Z] <<< [apiv2][body] GET https://serviceusage.googleapis.com/v1/projects/thrift-6bd6d/services/iam.googleapis.com [omitted]
[debug] [2025-09-20T16:08:20.953Z] <<< [apiv2][status] GET https://serviceusage.googleapis.com/v1/projects/thrift-6bd6d/services/artifactregistry.googleapis.com 200
[debug] [2025-09-20T16:08:20.953Z] <<< [apiv2][body] GET https://serviceusage.googleapis.com/v1/projects/thrift-6bd6d/services/artifactregistry.googleapis.com [omitted]
[debug] [2025-09-20T16:08:21.787Z] <<< [apiv2][status] POST https://serviceusage.googleapis.com/v1/projects/thrift-6bd6d/services/developerconnect.googleapis.com:enable 200
[debug] [2025-09-20T16:08:21.787Z] <<< [apiv2][body] POST https://serviceusage.googleapis.com/v1/projects/thrift-6bd6d/services/developerconnect.googleapis.com:enable [omitted]
[debug] [2025-09-20T16:08:31.794Z] Checked if tokens are valid: true, expires at: 1758388080215
[debug] [2025-09-20T16:08:31.794Z] Checked if tokens are valid: true, expires at: 1758388080215
[debug] [2025-09-20T16:08:31.794Z] >>> [apiv2][query] POST https://iam.googleapis.com/v1/projects/thrift-6bd6d/serviceAccounts/firebase-app-hosting-compute@thrift-6bd6d.iam.gserviceaccount.com:testIamPermissions [none]
[debug] [2025-09-20T16:08:31.794Z] >>> [apiv2][(partial)header] POST https://iam.googleapis.com/v1/projects/thrift-6bd6d/serviceAccounts/firebase-app-hosting-compute@thrift-6bd6d.iam.gserviceaccount.com:testIamPermissions x-goog-quota-user=projects/thrift-6bd6d
[debug] [2025-09-20T16:08:31.794Z] >>> [apiv2][body] POST https://iam.googleapis.com/v1/projects/thrift-6bd6d/serviceAccounts/firebase-app-hosting-compute@thrift-6bd6d.iam.gserviceaccount.com:testIamPermissions {"permissions":["iam.serviceAccounts.actAs"]}
[debug] [2025-09-20T16:08:33.614Z] <<< [apiv2][status] POST https://iam.googleapis.com/v1/projects/thrift-6bd6d/serviceAccounts/firebase-app-hosting-compute@thrift-6bd6d.iam.gserviceaccount.com:testIamPermissions 404
[debug] [2025-09-20T16:08:33.614Z] <<< [apiv2][body] POST https://iam.googleapis.com/v1/projects/thrift-6bd6d/serviceAccounts/firebase-app-hosting-compute@thrift-6bd6d.iam.gserviceaccount.com:testIamPermissions {"error":{"code":404,"message":"Unknown service account","status":"NOT_FOUND"}}
[debug] [2025-09-20T16:08:33.615Z] Checked if tokens are valid: true, expires at: 1758388080215
[debug] [2025-09-20T16:08:33.615Z] Checked if tokens are valid: true, expires at: 1758388080215
[debug] [2025-09-20T16:08:33.615Z] >>> [apiv2][query] POST https://iam.googleapis.com/v1/projects/thrift-6bd6d/serviceAccounts [none]
[debug] [2025-09-20T16:08:33.615Z] >>> [apiv2][body] POST https://iam.googleapis.com/v1/projects/thrift-6bd6d/serviceAccounts {"accountId":"firebase-app-hosting-compute","serviceAccount":{"displayName":"Firebase App Hosting compute service account","description":"Default service account used to run builds and deploys for Firebase App Hosting"}}
[debug] [2025-09-20T16:08:34.353Z] <<< [apiv2][status] POST https://iam.googleapis.com/v1/projects/thrift-6bd6d/serviceAccounts 200
[debug] [2025-09-20T16:08:34.353Z] <<< [apiv2][body] POST https://iam.googleapis.com/v1/projects/thrift-6bd6d/serviceAccounts [omitted]
[debug] [2025-09-20T16:08:34.353Z] Checked if tokens are valid: true, expires at: 1758388080215
[debug] [2025-09-20T16:08:34.353Z] Checked if tokens are valid: true, expires at: 1758388080215
[debug] [2025-09-20T16:08:34.353Z] >>> [apiv2][query] POST https://cloudresourcemanager.googleapis.com/v1/projects/thrift-6bd6d:getIamPolicy [none]
[debug] [2025-09-20T16:08:35.951Z] <<< [apiv2][status] POST https://cloudresourcemanager.googleapis.com/v1/projects/thrift-6bd6d:getIamPolicy 200
[debug] [2025-09-20T16:08:35.951Z] <<< [apiv2][body] POST https://cloudresourcemanager.googleapis.com/v1/projects/thrift-6bd6d:getIamPolicy {"version":1,"etag":"BwY/PctIRFg=","bindings":[{"role":"roles/cloudaicompanion.serviceAgent","members":["serviceAccount:service-595724600327@gcp-sa-cloudaicompanion.iam.gserviceaccount.com"]},{"role":"roles/cloudbuild.builds.builder","members":["serviceAccount:595724600327@cloudbuild.gserviceaccount.com"]},{"role":"roles/cloudbuild.serviceAgent","members":["serviceAccount:service-595724600327@gcp-sa-cloudbuild.iam.gserviceaccount.com"]},{"role":"roles/cloudfunctions.admin","members":["serviceAccount:firebase-adminsdk-fbsvc@thrift-6bd6d.iam.gserviceaccount.com"]},{"role":"roles/cloudfunctions.developer","members":["serviceAccount:github-action-1051376290@thrift-6bd6d.iam.gserviceaccount.com"]},{"role":"roles/cloudfunctions.serviceAgent","members":["serviceAccount:service-595724600327@gcf-admin-robot.iam.gserviceaccount.com"]},{"role":"roles/containerregistry.ServiceAgent","members":["serviceAccount:service-595724600327@containerregistry.iam.gserviceaccount.com"]},{"role":"roles/editor","members":["serviceAccount:595724600327@cloudservices.gserviceaccount.com","serviceAccount:thrift-6bd6d@appspot.gserviceaccount.com","serviceAccount:595724600327-compute@developer.gserviceaccount.com"]},{"role":"roles/firebase.managementServiceAgent","members":["serviceAccount:service-595724600327@gcp-sa-firebase.iam.gserviceaccount.com"]},{"role":"roles/firebase.sdkAdminServiceAgent","members":["serviceAccount:firebase-adminsdk-fbsvc@thrift-6bd6d.iam.gserviceaccount.com"]},{"role":"roles/firebaseappcheck.admin","members":["serviceAccount:firebase-adminsdk-fbsvc@thrift-6bd6d.iam.gserviceaccount.com"]},{"role":"roles/firebaseauth.admin","members":["serviceAccount:firebase-adminsdk-fbsvc@thrift-6bd6d.iam.gserviceaccount.com","serviceAccount:github-action-1051376290@thrift-6bd6d.iam.gserviceaccount.com"]},{"role":"roles/firebasehosting.admin","members":["serviceAccount:github-action-1051376290@thrift-6bd6d.iam.gserviceaccount.com"]},{"role":"roles/firebasemods.serviceAgent","members":["serviceAccount:service-595724600327@gcp-sa-firebasemods.iam.gserviceaccount.com"]},{"role":"roles/firebaserules.system","members":["serviceAccount:service-595724600327@firebase-rules.iam.gserviceaccount.com"]},{"role":"roles/firebasestorage.serviceAgent","members":["serviceAccount:service-595724600327@gcp-sa-firebasestorage.iam.gserviceaccount.com"]},{"role":"roles/firestore.serviceAgent","members":["serviceAccount:service-595724600327@gcp-sa-firestore.iam.gserviceaccount.com"]},{"role":"roles/iam.serviceAccountTokenCreator","members":["serviceAccount:firebase-adminsdk-fbsvc@thrift-6bd6d.iam.gserviceaccount.com"]},{"role":"roles/owner","members":["user:work.thriftstore@gmail.com"]},{"role":"roles/run.serviceAgent","members":["serviceAccount:service-595724600327@serverless-robot-prod.iam.gserviceaccount.com"]},{"role":"roles/run.viewer","members":["serviceAccount:github-action-1051376290@thrift-6bd6d.iam.gserviceaccount.com"]},{"role":"roles/serviceusage.apiKeysViewer","members":["serviceAccount:github-action-1051376290@thrift-6bd6d.iam.gserviceaccount.com"]},{"role":"roles/serviceusage.serviceUsageConsumer","members":["serviceAccount:github-action-1051376290@thrift-6bd6d.iam.gserviceaccount.com"]},{"role":"roles/storage.admin","members":["serviceAccount:firebase-adminsdk-fbsvc@thrift-6bd6d.iam.gserviceaccount.com"]}]}
[debug] [2025-09-20T16:08:35.952Z] Checked if tokens are valid: true, expires at: 1758388080215
[debug] [2025-09-20T16:08:35.952Z] Checked if tokens are valid: true, expires at: 1758388080215
[debug] [2025-09-20T16:08:35.952Z] >>> [apiv2][query] POST https://cloudresourcemanager.googleapis.com/v1/projects/thrift-6bd6d:setIamPolicy [none]
[debug] [2025-09-20T16:08:35.952Z] >>> [apiv2][body] POST https://cloudresourcemanager.googleapis.com/v1/projects/thrift-6bd6d:setIamPolicy {"policy":{"version":1,"etag":"BwY/PctIRFg=","bindings":[{"role":"roles/cloudaicompanion.serviceAgent","members":["serviceAccount:service-595724600327@gcp-sa-cloudaicompanion.iam.gserviceaccount.com"]},{"role":"roles/cloudbuild.builds.builder","members":["serviceAccount:595724600327@cloudbuild.gserviceaccount.com"]},{"role":"roles/cloudbuild.serviceAgent","members":["serviceAccount:service-595724600327@gcp-sa-cloudbuild.iam.gserviceaccount.com"]},{"role":"roles/cloudfunctions.admin","members":["serviceAccount:firebase-adminsdk-fbsvc@thrift-6bd6d.iam.gserviceaccount.com"]},{"role":"roles/cloudfunctions.developer","members":["serviceAccount:github-action-1051376290@thrift-6bd6d.iam.gserviceaccount.com"]},{"role":"roles/cloudfunctions.serviceAgent","members":["serviceAccount:service-595724600327@gcf-admin-robot.iam.gserviceaccount.com"]},{"role":"roles/containerregistry.ServiceAgent","members":["serviceAccount:service-595724600327@containerregistry.iam.gserviceaccount.com"]},{"role":"roles/editor","members":["serviceAccount:595724600327@cloudservices.gserviceaccount.com","serviceAccount:thrift-6bd6d@appspot.gserviceaccount.com","serviceAccount:595724600327-compute@developer.gserviceaccount.com"]},{"role":"roles/firebase.managementServiceAgent","members":["serviceAccount:service-595724600327@gcp-sa-firebase.iam.gserviceaccount.com"]},{"role":"roles/firebase.sdkAdminServiceAgent","members":["serviceAccount:firebase-adminsdk-fbsvc@thrift-6bd6d.iam.gserviceaccount.com","serviceAccount:firebase-app-hosting-compute@thrift-6bd6d.iam.gserviceaccount.com"]},{"role":"roles/firebaseappcheck.admin","members":["serviceAccount:firebase-adminsdk-fbsvc@thrift-6bd6d.iam.gserviceaccount.com"]},{"role":"roles/firebaseauth.admin","members":["serviceAccount:firebase-adminsdk-fbsvc@thrift-6bd6d.iam.gserviceaccount.com","serviceAccount:github-action-1051376290@thrift-6bd6d.iam.gserviceaccount.com"]},{"role":"roles/firebasehosting.admin","members":["serviceAccount:github-action-1051376290@thrift-6bd6d.iam.gserviceaccount.com"]},{"role":"roles/firebasemods.serviceAgent","members":["serviceAccount:service-595724600327@gcp-sa-firebasemods.iam.gserviceaccount.com"]},{"role":"roles/firebaserules.system","members":["serviceAccount:service-595724600327@firebase-rules.iam.gserviceaccount.com"]},{"role":"roles/firebasestorage.serviceAgent","members":["serviceAccount:service-595724600327@gcp-sa-firebasestorage.iam.gserviceaccount.com"]},{"role":"roles/firestore.serviceAgent","members":["serviceAccount:service-595724600327@gcp-sa-firestore.iam.gserviceaccount.com"]},{"role":"roles/iam.serviceAccountTokenCreator","members":["serviceAccount:firebase-adminsdk-fbsvc@thrift-6bd6d.iam.gserviceaccount.com"]},{"role":"roles/owner","members":["user:work.thriftstore@gmail.com"]},{"role":"roles/run.serviceAgent","members":["serviceAccount:service-595724600327@serverless-robot-prod.iam.gserviceaccount.com"]},{"role":"roles/run.viewer","members":["serviceAccount:github-action-1051376290@thrift-6bd6d.iam.gserviceaccount.com"]},{"role":"roles/serviceusage.apiKeysViewer","members":["serviceAccount:github-action-1051376290@thrift-6bd6d.iam.gserviceaccount.com"]},{"role":"roles/serviceusage.serviceUsageConsumer","members":["serviceAccount:github-action-1051376290@thrift-6bd6d.iam.gserviceaccount.com"]},{"role":"roles/storage.admin","members":["serviceAccount:firebase-adminsdk-fbsvc@thrift-6bd6d.iam.gserviceaccount.com"]},{"role":"roles/firebaseapphosting.computeRunner","members":["serviceAccount:firebase-app-hosting-compute@thrift-6bd6d.iam.gserviceaccount.com"]},{"role":"roles/developerconnect.readTokenAccessor","members":["serviceAccount:firebase-app-hosting-compute@thrift-6bd6d.iam.gserviceaccount.com"]},{"role":"roles/storage.objectViewer","members":["serviceAccount:firebase-app-hosting-compute@thrift-6bd6d.iam.gserviceaccount.com"]}]},"updateMask":"bindings"}
[debug] [2025-09-20T16:08:37.178Z] <<< [apiv2][status] POST https://cloudresourcemanager.googleapis.com/v1/projects/thrift-6bd6d:setIamPolicy 200
[debug] [2025-09-20T16:08:37.178Z] <<< [apiv2][body] POST https://cloudresourcemanager.googleapis.com/v1/projects/thrift-6bd6d:setIamPolicy {"version":1,"etag":"BwY/PcyKp3U=","bindings":[{"role":"roles/cloudaicompanion.serviceAgent","members":["serviceAccount:service-595724600327@gcp-sa-cloudaicompanion.iam.gserviceaccount.com"]},{"role":"roles/cloudbuild.builds.builder","members":["serviceAccount:595724600327@cloudbuild.gserviceaccount.com"]},{"role":"roles/cloudbuild.serviceAgent","members":["serviceAccount:service-595724600327@gcp-sa-cloudbuild.iam.gserviceaccount.com"]},{"role":"roles/cloudfunctions.admin","members":["serviceAccount:firebase-adminsdk-fbsvc@thrift-6bd6d.iam.gserviceaccount.com"]},{"role":"roles/cloudfunctions.developer","members":["serviceAccount:github-action-1051376290@thrift-6bd6d.iam.gserviceaccount.com"]},{"role":"roles/cloudfunctions.serviceAgent","members":["serviceAccount:service-595724600327@gcf-admin-robot.iam.gserviceaccount.com"]},{"role":"roles/containerregistry.ServiceAgent","members":["serviceAccount:service-595724600327@containerregistry.iam.gserviceaccount.com"]},{"role":"roles/developerconnect.readTokenAccessor","members":["serviceAccount:firebase-app-hosting-compute@thrift-6bd6d.iam.gserviceaccount.com"]},{"role":"roles/editor","members":["serviceAccount:595724600327-compute@developer.gserviceaccount.com","serviceAccount:595724600327@cloudservices.gserviceaccount.com","serviceAccount:thrift-6bd6d@appspot.gserviceaccount.com"]},{"role":"roles/firebase.managementServiceAgent","members":["serviceAccount:service-595724600327@gcp-sa-firebase.iam.gserviceaccount.com"]},{"role":"roles/firebase.sdkAdminServiceAgent","members":["serviceAccount:firebase-adminsdk-fbsvc@thrift-6bd6d.iam.gserviceaccount.com","serviceAccount:firebase-app-hosting-compute@thrift-6bd6d.iam.gserviceaccount.com"]},{"role":"roles/firebaseappcheck.admin","members":["serviceAccount:firebase-adminsdk-fbsvc@thrift-6bd6d.iam.gserviceaccount.com"]},{"role":"roles/firebaseapphosting.computeRunner","members":["serviceAccount:firebase-app-hosting-compute@thrift-6bd6d.iam.gserviceaccount.com"]},{"role":"roles/firebaseauth.admin","members":["serviceAccount:firebase-adminsdk-fbsvc@thrift-6bd6d.iam.gserviceaccount.com","serviceAccount:github-action-1051376290@thrift-6bd6d.iam.gserviceaccount.com"]},{"role":"roles/firebasehosting.admin","members":["serviceAccount:github-action-1051376290@thrift-6bd6d.iam.gserviceaccount.com"]},{"role":"roles/firebasemods.serviceAgent","members":["serviceAccount:service-595724600327@gcp-sa-firebasemods.iam.gserviceaccount.com"]},{"role":"roles/firebaserules.system","members":["serviceAccount:service-595724600327@firebase-rules.iam.gserviceaccount.com"]},{"role":"roles/firebasestorage.serviceAgent","members":["serviceAccount:service-595724600327@gcp-sa-firebasestorage.iam.gserviceaccount.com"]},{"role":"roles/firestore.serviceAgent","members":["serviceAccount:service-595724600327@gcp-sa-firestore.iam.gserviceaccount.com"]},{"role":"roles/iam.serviceAccountTokenCreator","members":["serviceAccount:firebase-adminsdk-fbsvc@thrift-6bd6d.iam.gserviceaccount.com"]},{"role":"roles/owner","members":["user:work.thriftstore@gmail.com"]},{"role":"roles/run.serviceAgent","members":["serviceAccount:service-595724600327@serverless-robot-prod.iam.gserviceaccount.com"]},{"role":"roles/run.viewer","members":["serviceAccount:github-action-1051376290@thrift-6bd6d.iam.gserviceaccount.com"]},{"role":"roles/serviceusage.apiKeysViewer","members":["serviceAccount:github-action-1051376290@thrift-6bd6d.iam.gserviceaccount.com"]},{"role":"roles/serviceusage.serviceUsageConsumer","members":["serviceAccount:github-action-1051376290@thrift-6bd6d.iam.gserviceaccount.com"]},{"role":"roles/storage.admin","members":["serviceAccount:firebase-adminsdk-fbsvc@thrift-6bd6d.iam.gserviceaccount.com"]},{"role":"roles/storage.objectViewer","members":["serviceAccount:firebase-app-hosting-compute@thrift-6bd6d.iam.gserviceaccount.com"]}]}
[info] i  This command links your local project to Firebase App Hosting. You will be able to deploy your web app with `firebase deploy` after setup. 
[debug] [2025-09-20T16:12:41.404Z] Checked if tokens are valid: true, expires at: 1758388080215
[debug] [2025-09-20T16:12:41.405Z] Checked if tokens are valid: true, expires at: 1758388080215
[debug] [2025-09-20T16:12:41.405Z] >>> [apiv2][query] GET https://firebaseapphosting.googleapis.com/v1beta/projects/thrift-6bd6d/locations/-/backends 
[debug] [2025-09-20T16:12:43.451Z] <<< [apiv2][status] GET https://firebaseapphosting.googleapis.com/v1beta/projects/thrift-6bd6d/locations/-/backends 200
[debug] [2025-09-20T16:12:43.451Z] <<< [apiv2][body] GET https://firebaseapphosting.googleapis.com/v1beta/projects/thrift-6bd6d/locations/-/backends {}
